{"level":"info","message":"Server is running on port 3000","timestamp":"2024-09-23T19:43:24.057Z"}
{"error":{"code":8000,"codeName":"AtlasError","connectionGeneration":0,"ok":0},"level":"error","message":"MongoDB connection error","timestamp":"2024-09-23T19:43:24.761Z"}
{"level":"info","message":"Server is running on port 3000","timestamp":"2024-09-23T19:44:12.670Z"}
{"level":"info","message":"Connected to MongoDB","timestamp":"2024-09-23T19:44:13.117Z"}
{"error":{"_message":"Repository validation failed","errors":{"lastCommitSha":{"kind":"required","message":"Path `lastCommitSha` is required.","name":"ValidatorError","path":"lastCommitSha","properties":{"message":"Path `lastCommitSha` is required.","path":"lastCommitSha","type":"required","value":""},"value":""}},"message":"Repository validation failed: lastCommitSha: Path `lastCommitSha` is required.","name":"ValidationError"},"level":"error","message":"Error adding repository","timestamp":"2024-09-23T19:45:11.664Z"}
{"error":{"_message":"Repository validation failed","errors":{"lastCommitSha":{"kind":"required","message":"Path `lastCommitSha` is required.","name":"ValidatorError","path":"lastCommitSha","properties":{"message":"Path `lastCommitSha` is required.","path":"lastCommitSha","type":"required","value":""},"value":""}},"message":"Repository validation failed: lastCommitSha: Path `lastCommitSha` is required.","name":"ValidationError"},"level":"error","message":"Error adding repository","timestamp":"2024-09-23T19:45:26.312Z"}
{"level":"info","message":"Server is running on port 3000","timestamp":"2024-09-23T19:48:21.082Z"}
{"level":"info","message":"Connected to MongoDB","timestamp":"2024-09-23T19:48:21.695Z"}
{"level":"info","message":"Server is running on port 3000","timestamp":"2024-09-23T19:55:23.690Z"}
{"level":"info","message":"Connected to MongoDB","timestamp":"2024-09-23T19:55:24.262Z"}
{"error":{"name":"HttpError","request":{"headers":{"accept":"application/vnd.github.v3+json","authorization":"token [REDACTED]","user-agent":"octokit-rest.js/19.0.13 octokit-core.js/4.2.4 Node.js/20.12.1 (win32; x64)"},"method":"GET","request":{},"url":"https://api.github.com/repos/groovg/govno228/commits?per_page=1"},"response":{"data":{"documentation_url":"https://docs.github.com/rest/commits/commits#list-commits","message":"Not Found","status":"404"},"headers":{"access-control-allow-origin":"*","access-control-expose-headers":"ETag, Link, Location, Retry-After, X-GitHub-OTP, X-RateLimit-Limit, X-RateLimit-Remaining, X-RateLimit-Used, X-RateLimit-Resource, X-RateLimit-Reset, X-OAuth-Scopes, X-Accepted-OAuth-Scopes, X-Poll-Interval, X-GitHub-Media-Type, X-GitHub-SSO, X-GitHub-Request-Id, Deprecation, Sunset","content-encoding":"gzip","content-security-policy":"default-src 'none'","content-type":"application/json; charset=utf-8","date":"Mon, 23 Sep 2024 20:55:25 GMT","referrer-policy":"origin-when-cross-origin, strict-origin-when-cross-origin","server":"github.com","strict-transport-security":"max-age=31536000; includeSubdomains; preload","transfer-encoding":"chunked","vary":"Accept-Encoding, Accept, X-Requested-With","x-accepted-oauth-scopes":"repo","x-content-type-options":"nosniff","x-frame-options":"deny","x-github-api-version-selected":"2022-11-28","x-github-media-type":"github.v3; format=json","x-github-request-id":"CD12:AEF00:C8885C:CB0D64:66F1D5BD","x-oauth-scopes":"repo","x-ratelimit-limit":"5000","x-ratelimit-remaining":"4983","x-ratelimit-reset":"1727126724","x-ratelimit-resource":"core","x-ratelimit-used":"17","x-xss-protection":"0"},"status":404,"url":"https://api.github.com/repos/groovg/govno228/commits?per_page=1"},"status":404},"level":"error","message":"Error checking repository","repository":"groovg/govno228","timestamp":"2024-09-23T20:55:25.934Z"}
{"level":"info","message":"Server is running on port 3000","timestamp":"2024-09-23T22:36:18.723Z"}
{"level":"info","message":"Connected to MongoDB","timestamp":"2024-09-23T22:36:19.316Z"}
{"level":"info","message":"Server is running on port 3000","timestamp":"2024-09-24T11:09:59.762Z"}
{"level":"info","message":"Connected to MongoDB","timestamp":"2024-09-24T11:10:00.379Z"}
{"level":"info","message":"Server is running on port 3000","timestamp":"2024-10-05T22:29:39.683Z"}
{"level":"info","message":"Connected to MongoDB","timestamp":"2024-10-05T22:29:40.291Z"}
{"level":"info","message":"Server is running on port 3000","timestamp":"2024-10-05T22:33:43.642Z"}
{"level":"info","message":"Connected to MongoDB","timestamp":"2024-10-05T22:33:44.244Z"}
{"level":"info","message":"Server is running on port 3000","timestamp":"2024-10-05T22:41:59.331Z"}
{"level":"info","message":"Connected to MongoDB","timestamp":"2024-10-05T22:41:59.886Z"}
